{"D:\\Bryan Management\\UMA\\EDE\\knowledge-weaver\\components\\KeyboardShortcuts.tsx": {"path":"D:\\Bryan Management\\UMA\\EDE\\knowledge-weaver\\components\\KeyboardShortcuts.tsx","statementMap":{"0":{"start":{"line":8,"column":60},"end":{"line":23,"column":null}},"1":{"start":{"line":9,"column":2},"end":{"line":9,"column":null}},"2":{"start":{"line":9,"column":18},"end":{"line":9,"column":null}},"3":{"start":{"line":11,"column":2},"end":{"line":21,"column":null}}},"fnMap":{"0":{"name":"(anonymous_0)","decl":{"start":{"line":8,"column":60},"end":{"line":8,"column":61}},"loc":{"start":{"line":8,"column":86},"end":{"line":23,"column":null}},"line":8}},"branchMap":{"0":{"loc":{"start":{"line":8,"column":63},"end":{"line":8,"column":80}},"type":"default-arg","locations":[{"start":{"line":8,"column":75},"end":{"line":8,"column":80}}],"line":8},"1":{"loc":{"start":{"line":9,"column":2},"end":{"line":9,"column":null}},"type":"if","locations":[{"start":{"line":9,"column":2},"end":{"line":9,"column":null}},{"start":{},"end":{}}],"line":9}},"s":{"0":1,"1":4,"2":1,"3":3},"f":{"0":4},"b":{"0":[4],"1":[1,3]},"meta":{"lastBranch":2,"lastFunction":1,"lastStatement":4,"seen":{"s:8:60:23:Infinity":0,"f:8:60:8:61":0,"b:8:75:8:80":0,"b:9:2:9:Infinity:undefined:undefined:undefined:undefined":1,"s:9:2:9:Infinity":1,"s:9:18:9:Infinity":2,"s:11:2:21:Infinity":3}}}
,"D:\\Bryan Management\\UMA\\EDE\\knowledge-weaver\\services\\geminiService.ts": {"path":"D:\\Bryan Management\\UMA\\EDE\\knowledge-weaver\\services\\geminiService.ts","statementMap":{"0":{"start":{"line":5,"column":0},"end":{"line":5,"column":null}},"1":{"start":{"line":7,"column":14},"end":{"line":7,"column":null}},"2":{"start":{"line":11,"column":17},"end":{"line":11,"column":null}},"3":{"start":{"line":12,"column":20},"end":{"line":12,"column":null}},"4":{"start":{"line":13,"column":28},"end":{"line":13,"column":null}},"5":{"start":{"line":15,"column":21},"end":{"line":18,"column":null}},"6":{"start":{"line":17,"column":33},"end":{"line":17,"column":81}},"7":{"start":{"line":20,"column":24},"end":{"line":22,"column":null}},"8":{"start":{"line":21,"column":58},"end":{"line":21,"column":83}},"9":{"start":{"line":24,"column":2},"end":{"line":38,"column":null}},"10":{"start":{"line":30,"column":22},"end":{"line":30,"column":34}},"11":{"start":{"line":56,"column":33},"end":{"line":108,"column":null}},"12":{"start":{"line":57,"column":27},"end":{"line":57,"column":null}},"13":{"start":{"line":60,"column":20},"end":{"line":60,"column":null}},"14":{"start":{"line":61,"column":2},"end":{"line":65,"column":null}},"15":{"start":{"line":62,"column":4},"end":{"line":62,"column":null}},"16":{"start":{"line":63,"column":4},"end":{"line":63,"column":null}},"17":{"start":{"line":64,"column":4},"end":{"line":64,"column":null}},"18":{"start":{"line":66,"column":2},"end":{"line":70,"column":null}},"19":{"start":{"line":67,"column":4},"end":{"line":67,"column":null}},"20":{"start":{"line":68,"column":4},"end":{"line":68,"column":null}},"21":{"start":{"line":69,"column":4},"end":{"line":69,"column":null}},"22":{"start":{"line":71,"column":2},"end":{"line":75,"column":null}},"23":{"start":{"line":72,"column":4},"end":{"line":72,"column":null}},"24":{"start":{"line":73,"column":4},"end":{"line":73,"column":null}},"25":{"start":{"line":74,"column":4},"end":{"line":74,"column":null}},"26":{"start":{"line":76,"column":2},"end":{"line":80,"column":null}},"27":{"start":{"line":77,"column":4},"end":{"line":77,"column":null}},"28":{"start":{"line":78,"column":4},"end":{"line":78,"column":null}},"29":{"start":{"line":79,"column":4},"end":{"line":79,"column":null}},"30":{"start":{"line":83,"column":8},"end":{"line":83,"column":null}},"31":{"start":{"line":84,"column":2},"end":{"line":88,"column":null}},"32":{"start":{"line":85,"column":4},"end":{"line":85,"column":null}},"33":{"start":{"line":86,"column":4},"end":{"line":86,"column":null}},"34":{"start":{"line":87,"column":4},"end":{"line":87,"column":null}},"35":{"start":{"line":89,"column":2},"end":{"line":93,"column":null}},"36":{"start":{"line":90,"column":4},"end":{"line":90,"column":null}},"37":{"start":{"line":91,"column":4},"end":{"line":91,"column":null}},"38":{"start":{"line":92,"column":4},"end":{"line":92,"column":null}},"39":{"start":{"line":94,"column":2},"end":{"line":98,"column":null}},"40":{"start":{"line":95,"column":4},"end":{"line":95,"column":null}},"41":{"start":{"line":96,"column":4},"end":{"line":96,"column":null}},"42":{"start":{"line":97,"column":4},"end":{"line":97,"column":null}},"43":{"start":{"line":101,"column":2},"end":{"line":105,"column":null}},"44":{"start":{"line":102,"column":4},"end":{"line":102,"column":null}},"45":{"start":{"line":103,"column":4},"end":{"line":103,"column":null}},"46":{"start":{"line":104,"column":4},"end":{"line":104,"column":null}},"47":{"start":{"line":107,"column":2},"end":{"line":107,"column":null}},"48":{"start":{"line":110,"column":35},"end":{"line":127,"column":null}},"49":{"start":{"line":111,"column":20},"end":{"line":111,"column":null}},"50":{"start":{"line":112,"column":8},"end":{"line":112,"column":null}},"51":{"start":{"line":114,"column":2},"end":{"line":116,"column":null}},"52":{"start":{"line":115,"column":4},"end":{"line":115,"column":null}},"53":{"start":{"line":118,"column":2},"end":{"line":120,"column":null}},"54":{"start":{"line":119,"column":4},"end":{"line":119,"column":null}},"55":{"start":{"line":122,"column":2},"end":{"line":124,"column":null}},"56":{"start":{"line":123,"column":4},"end":{"line":123,"column":null}},"57":{"start":{"line":126,"column":2},"end":{"line":126,"column":null}},"58":{"start":{"line":129,"column":34},"end":{"line":142,"column":null}},"59":{"start":{"line":130,"column":20},"end":{"line":130,"column":null}},"60":{"start":{"line":131,"column":8},"end":{"line":131,"column":null}},"61":{"start":{"line":133,"column":2},"end":{"line":135,"column":null}},"62":{"start":{"line":134,"column":4},"end":{"line":134,"column":null}},"63":{"start":{"line":137,"column":2},"end":{"line":139,"column":null}},"64":{"start":{"line":138,"column":4},"end":{"line":138,"column":null}},"65":{"start":{"line":141,"column":2},"end":{"line":141,"column":null}},"66":{"start":{"line":146,"column":2},"end":{"line":146,"column":null}},"67":{"start":{"line":146,"column":37},"end":{"line":146,"column":null}},"68":{"start":{"line":148,"column":16},"end":{"line":152,"column":null}},"69":{"start":{"line":154,"column":15},"end":{"line":154,"column":null}},"70":{"start":{"line":155,"column":17},"end":{"line":155,"column":null}},"71":{"start":{"line":157,"column":2},"end":{"line":159,"column":null}},"72":{"start":{"line":158,"column":4},"end":{"line":158,"column":null}},"73":{"start":{"line":169,"column":2},"end":{"line":171,"column":null}},"74":{"start":{"line":170,"column":4},"end":{"line":170,"column":null}},"75":{"start":{"line":173,"column":16},"end":{"line":177,"column":null}},"76":{"start":{"line":179,"column":15},"end":{"line":179,"column":null}},"77":{"start":{"line":180,"column":17},"end":{"line":180,"column":null}},"78":{"start":{"line":182,"column":2},"end":{"line":184,"column":null}},"79":{"start":{"line":183,"column":4},"end":{"line":183,"column":null}},"80":{"start":{"line":191,"column":2},"end":{"line":193,"column":null}},"81":{"start":{"line":192,"column":4},"end":{"line":192,"column":null}},"82":{"start":{"line":195,"column":16},"end":{"line":199,"column":null}},"83":{"start":{"line":201,"column":15},"end":{"line":201,"column":null}},"84":{"start":{"line":202,"column":17},"end":{"line":203,"column":null}},"85":{"start":{"line":205,"column":2},"end":{"line":207,"column":null}},"86":{"start":{"line":206,"column":4},"end":{"line":206,"column":null}},"87":{"start":{"line":211,"column":2},"end":{"line":213,"column":null}},"88":{"start":{"line":212,"column":4},"end":{"line":212,"column":null}},"89":{"start":{"line":215,"column":16},"end":{"line":219,"column":null}},"90":{"start":{"line":221,"column":17},"end":{"line":221,"column":null}},"91":{"start":{"line":222,"column":2},"end":{"line":222,"column":null}}},"fnMap":{"0":{"name":"getEnhancedSystemInstruction","decl":{"start":{"line":10,"column":9},"end":{"line":10,"column":38}},"loc":{"start":{"line":10,"column":92},"end":{"line":54,"column":null}},"line":10},"1":{"name":"(anonymous_1)","decl":{"start":{"line":17,"column":28},"end":{"line":17,"column":33}},"loc":{"start":{"line":17,"column":33},"end":{"line":17,"column":81}},"line":17},"2":{"name":"(anonymous_2)","decl":{"start":{"line":21,"column":53},"end":{"line":21,"column":58}},"loc":{"start":{"line":21,"column":58},"end":{"line":21,"column":83}},"line":21},"3":{"name":"(anonymous_3)","decl":{"start":{"line":30,"column":13},"end":{"line":30,"column":22}},"loc":{"start":{"line":30,"column":22},"end":{"line":30,"column":34}},"line":30},"4":{"name":"(anonymous_4)","decl":{"start":{"line":56,"column":33},"end":{"line":56,"column":34}},"loc":{"start":{"line":56,"column":65},"end":{"line":108,"column":null}},"line":56},"5":{"name":"(anonymous_5)","decl":{"start":{"line":110,"column":35},"end":{"line":110,"column":36}},"loc":{"start":{"line":110,"column":65},"end":{"line":127,"column":null}},"line":110},"6":{"name":"(anonymous_6)","decl":{"start":{"line":129,"column":34},"end":{"line":129,"column":35}},"loc":{"start":{"line":129,"column":64},"end":{"line":142,"column":null}},"line":129},"7":{"name":"startChatSession","decl":{"start":{"line":145,"column":16},"end":{"line":145,"column":33}},"loc":{"start":{"line":145,"column":121},"end":{"line":160,"column":null}},"line":145},"8":{"name":"askPersonaQuestion","decl":{"start":{"line":164,"column":23},"end":{"line":164,"column":null}},"loc":{"start":{"line":168,"column":2},"end":{"line":185,"column":null}},"line":168},"9":{"name":"sendMessageStreamToChat","decl":{"start":{"line":187,"column":23},"end":{"line":187,"column":null}},"loc":{"start":{"line":190,"column":2},"end":{"line":208,"column":null}},"line":190},"10":{"name":"runQualityCheck","decl":{"start":{"line":210,"column":22},"end":{"line":210,"column":38}},"loc":{"start":{"line":210,"column":98},"end":{"line":223,"column":null}},"line":210}},"branchMap":{"0":{"loc":{"start":{"line":15,"column":21},"end":{"line":18,"column":null}},"type":"cond-expr","locations":[{"start":{"line":16,"column":6},"end":{"line":17,"column":null}},{"start":{"line":18,"column":6},"end":{"line":18,"column":null}}],"line":15},"1":{"loc":{"start":{"line":20,"column":24},"end":{"line":22,"column":null}},"type":"cond-expr","locations":[{"start":{"line":21,"column":6},"end":{"line":21,"column":null}},{"start":{"line":22,"column":6},"end":{"line":22,"column":null}}],"line":20},"2":{"loc":{"start":{"line":25,"column":2},"end":{"line":27,"column":6}},"type":"cond-expr","locations":[{"start":{"line":25,"column":16},"end":{"line":26,"column":null}},{"start":{"line":27,"column":4},"end":{"line":27,"column":6}}],"line":25},"3":{"loc":{"start":{"line":61,"column":2},"end":{"line":65,"column":null}},"type":"if","locations":[{"start":{"line":61,"column":2},"end":{"line":65,"column":null}},{"start":{},"end":{}}],"line":61},"4":{"loc":{"start":{"line":61,"column":6},"end":{"line":61,"column":71}},"type":"binary-expr","locations":[{"start":{"line":61,"column":6},"end":{"line":61,"column":41}},{"start":{"line":61,"column":41},"end":{"line":61,"column":71}}],"line":61},"5":{"loc":{"start":{"line":66,"column":2},"end":{"line":70,"column":null}},"type":"if","locations":[{"start":{"line":66,"column":2},"end":{"line":70,"column":null}},{"start":{},"end":{}}],"line":66},"6":{"loc":{"start":{"line":71,"column":2},"end":{"line":75,"column":null}},"type":"if","locations":[{"start":{"line":71,"column":2},"end":{"line":75,"column":null}},{"start":{},"end":{}}],"line":71},"7":{"loc":{"start":{"line":71,"column":6},"end":{"line":71,"column":76}},"type":"binary-expr","locations":[{"start":{"line":71,"column":6},"end":{"line":71,"column":40}},{"start":{"line":71,"column":40},"end":{"line":71,"column":76}}],"line":71},"8":{"loc":{"start":{"line":76,"column":2},"end":{"line":80,"column":null}},"type":"if","locations":[{"start":{"line":76,"column":2},"end":{"line":80,"column":null}},{"start":{},"end":{}}],"line":76},"9":{"loc":{"start":{"line":76,"column":6},"end":{"line":76,"column":73}},"type":"binary-expr","locations":[{"start":{"line":76,"column":6},"end":{"line":76,"column":39}},{"start":{"line":76,"column":39},"end":{"line":76,"column":73}}],"line":76},"10":{"loc":{"start":{"line":83,"column":20},"end":{"line":83,"column":39}},"type":"binary-expr","locations":[{"start":{"line":83,"column":20},"end":{"line":83,"column":35}},{"start":{"line":83,"column":35},"end":{"line":83,"column":39}}],"line":83},"11":{"loc":{"start":{"line":84,"column":2},"end":{"line":88,"column":null}},"type":"if","locations":[{"start":{"line":84,"column":2},"end":{"line":88,"column":null}},{"start":{},"end":{}}],"line":84},"12":{"loc":{"start":{"line":84,"column":6},"end":{"line":84,"column":102}},"type":"binary-expr","locations":[{"start":{"line":84,"column":6},"end":{"line":84,"column":34}},{"start":{"line":84,"column":34},"end":{"line":84,"column":71}},{"start":{"line":84,"column":71},"end":{"line":84,"column":102}}],"line":84},"13":{"loc":{"start":{"line":89,"column":2},"end":{"line":93,"column":null}},"type":"if","locations":[{"start":{"line":89,"column":2},"end":{"line":93,"column":null}},{"start":{},"end":{}}],"line":89},"14":{"loc":{"start":{"line":89,"column":6},"end":{"line":89,"column":69}},"type":"binary-expr","locations":[{"start":{"line":89,"column":6},"end":{"line":89,"column":39}},{"start":{"line":89,"column":39},"end":{"line":89,"column":69}}],"line":89},"15":{"loc":{"start":{"line":94,"column":2},"end":{"line":98,"column":null}},"type":"if","locations":[{"start":{"line":94,"column":2},"end":{"line":98,"column":null}},{"start":{},"end":{}}],"line":94},"16":{"loc":{"start":{"line":94,"column":6},"end":{"line":94,"column":76}},"type":"binary-expr","locations":[{"start":{"line":94,"column":6},"end":{"line":94,"column":38}},{"start":{"line":94,"column":38},"end":{"line":94,"column":76}}],"line":94},"17":{"loc":{"start":{"line":101,"column":2},"end":{"line":105,"column":null}},"type":"if","locations":[{"start":{"line":101,"column":2},"end":{"line":105,"column":null}},{"start":{},"end":{}}],"line":101},"18":{"loc":{"start":{"line":112,"column":20},"end":{"line":112,"column":39}},"type":"binary-expr","locations":[{"start":{"line":112,"column":20},"end":{"line":112,"column":35}},{"start":{"line":112,"column":35},"end":{"line":112,"column":39}}],"line":112},"19":{"loc":{"start":{"line":114,"column":2},"end":{"line":116,"column":null}},"type":"if","locations":[{"start":{"line":114,"column":2},"end":{"line":116,"column":null}},{"start":{},"end":{}}],"line":114},"20":{"loc":{"start":{"line":114,"column":6},"end":{"line":114,"column":71}},"type":"binary-expr","locations":[{"start":{"line":114,"column":6},"end":{"line":114,"column":41}},{"start":{"line":114,"column":41},"end":{"line":114,"column":71}}],"line":114},"21":{"loc":{"start":{"line":118,"column":2},"end":{"line":120,"column":null}},"type":"if","locations":[{"start":{"line":118,"column":2},"end":{"line":120,"column":null}},{"start":{},"end":{}}],"line":118},"22":{"loc":{"start":{"line":122,"column":2},"end":{"line":124,"column":null}},"type":"if","locations":[{"start":{"line":122,"column":2},"end":{"line":124,"column":null}},{"start":{},"end":{}}],"line":122},"23":{"loc":{"start":{"line":122,"column":6},"end":{"line":122,"column":69}},"type":"binary-expr","locations":[{"start":{"line":122,"column":6},"end":{"line":122,"column":34}},{"start":{"line":122,"column":34},"end":{"line":122,"column":69}}],"line":122},"24":{"loc":{"start":{"line":131,"column":20},"end":{"line":131,"column":39}},"type":"binary-expr","locations":[{"start":{"line":131,"column":20},"end":{"line":131,"column":35}},{"start":{"line":131,"column":35},"end":{"line":131,"column":39}}],"line":131},"25":{"loc":{"start":{"line":133,"column":2},"end":{"line":135,"column":null}},"type":"if","locations":[{"start":{"line":133,"column":2},"end":{"line":135,"column":null}},{"start":{},"end":{}}],"line":133},"26":{"loc":{"start":{"line":137,"column":2},"end":{"line":139,"column":null}},"type":"if","locations":[{"start":{"line":137,"column":2},"end":{"line":139,"column":null}},{"start":{},"end":{}}],"line":137},"27":{"loc":{"start":{"line":137,"column":6},"end":{"line":137,"column":69}},"type":"binary-expr","locations":[{"start":{"line":137,"column":6},"end":{"line":137,"column":34}},{"start":{"line":137,"column":34},"end":{"line":137,"column":69}}],"line":137},"28":{"loc":{"start":{"line":145,"column":102},"end":{"line":145,"column":121}},"type":"default-arg","locations":[{"start":{"line":145,"column":116},"end":{"line":145,"column":121}}],"line":145},"29":{"loc":{"start":{"line":146,"column":2},"end":{"line":146,"column":null}},"type":"if","locations":[{"start":{"line":146,"column":2},"end":{"line":146,"column":null}},{"start":{},"end":{}}],"line":146},"30":{"loc":{"start":{"line":169,"column":2},"end":{"line":171,"column":null}},"type":"if","locations":[{"start":{"line":169,"column":2},"end":{"line":171,"column":null}},{"start":{},"end":{}}],"line":169},"31":{"loc":{"start":{"line":191,"column":2},"end":{"line":193,"column":null}},"type":"if","locations":[{"start":{"line":191,"column":2},"end":{"line":193,"column":null}},{"start":{},"end":{}}],"line":191},"32":{"loc":{"start":{"line":211,"column":2},"end":{"line":213,"column":null}},"type":"if","locations":[{"start":{"line":211,"column":2},"end":{"line":213,"column":null}},{"start":{},"end":{}}],"line":211}},"s":{"0":1,"1":1,"2":0,"3":0,"4":0,"5":0,"6":0,"7":0,"8":0,"9":0,"10":0,"11":1,"12":4,"13":4,"14":4,"15":1,"16":1,"17":1,"18":4,"19":0,"20":0,"21":0,"22":4,"23":0,"24":0,"25":0,"26":4,"27":1,"28":1,"29":1,"30":4,"31":4,"32":1,"33":1,"34":1,"35":4,"36":0,"37":0,"38":0,"39":4,"40":0,"41":0,"42":0,"43":4,"44":1,"45":1,"46":1,"47":4,"48":1,"49":4,"50":4,"51":4,"52":1,"53":3,"54":1,"55":2,"56":1,"57":1,"58":1,"59":3,"60":3,"61":3,"62":1,"63":2,"64":1,"65":1,"66":0,"67":0,"68":0,"69":0,"70":0,"71":0,"72":0,"73":0,"74":0,"75":0,"76":0,"77":0,"78":0,"79":0,"80":0,"81":0,"82":0,"83":0,"84":0,"85":0,"86":0,"87":0,"88":0,"89":0,"90":0,"91":0},"f":{"0":0,"1":0,"2":0,"3":0,"4":4,"5":4,"6":3,"7":0,"8":0,"9":0,"10":0},"b":{"0":[0,0],"1":[0,0],"2":[0,0],"3":[1,3],"4":[4,3],"5":[0,4],"6":[0,4],"7":[4,4],"8":[1,3],"9":[4,3],"10":[4,1],"11":[1,3],"12":[4,3,3],"13":[0,4],"14":[4,4],"15":[0,4],"16":[4,4],"17":[1,3],"18":[4,0],"19":[1,3],"20":[4,3],"21":[1,2],"22":[1,1],"23":[2,1],"24":[3,0],"25":[1,2],"26":[1,1],"27":[2,2],"28":[0],"29":[0,0],"30":[0,0],"31":[0,0],"32":[0,0]},"meta":{"lastBranch":33,"lastFunction":11,"lastStatement":92,"seen":{"s:5:0:5:Infinity":0,"s:7:14:7:Infinity":1,"f:10:9:10:38":0,"s:11:17:11:Infinity":2,"s:12:20:12:Infinity":3,"s:13:28:13:Infinity":4,"s:15:21:18:Infinity":5,"b:16:6:17:Infinity:18:6:18:Infinity":0,"f:17:28:17:33":1,"s:17:33:17:81":6,"s:20:24:22:Infinity":7,"b:21:6:21:Infinity:22:6:22:Infinity":1,"f:21:53:21:58":2,"s:21:58:21:83":8,"s:24:2:38:Infinity":9,"b:25:16:26:Infinity:27:4:27:6":2,"f:30:13:30:22":3,"s:30:22:30:34":10,"s:56:33:108:Infinity":11,"f:56:33:56:34":4,"s:57:27:57:Infinity":12,"s:60:20:60:Infinity":13,"b:61:2:65:Infinity:undefined:undefined:undefined:undefined":3,"s:61:2:65:Infinity":14,"b:61:6:61:41:61:41:61:71":4,"s:62:4:62:Infinity":15,"s:63:4:63:Infinity":16,"s:64:4:64:Infinity":17,"b:66:2:70:Infinity:undefined:undefined:undefined:undefined":5,"s:66:2:70:Infinity":18,"s:67:4:67:Infinity":19,"s:68:4:68:Infinity":20,"s:69:4:69:Infinity":21,"b:71:2:75:Infinity:undefined:undefined:undefined:undefined":6,"s:71:2:75:Infinity":22,"b:71:6:71:40:71:40:71:76":7,"s:72:4:72:Infinity":23,"s:73:4:73:Infinity":24,"s:74:4:74:Infinity":25,"b:76:2:80:Infinity:undefined:undefined:undefined:undefined":8,"s:76:2:80:Infinity":26,"b:76:6:76:39:76:39:76:73":9,"s:77:4:77:Infinity":27,"s:78:4:78:Infinity":28,"s:79:4:79:Infinity":29,"s:83:8:83:Infinity":30,"b:83:20:83:35:83:35:83:39":10,"b:84:2:88:Infinity:undefined:undefined:undefined:undefined":11,"s:84:2:88:Infinity":31,"b:84:6:84:34:84:34:84:71:84:71:84:102":12,"s:85:4:85:Infinity":32,"s:86:4:86:Infinity":33,"s:87:4:87:Infinity":34,"b:89:2:93:Infinity:undefined:undefined:undefined:undefined":13,"s:89:2:93:Infinity":35,"b:89:6:89:39:89:39:89:69":14,"s:90:4:90:Infinity":36,"s:91:4:91:Infinity":37,"s:92:4:92:Infinity":38,"b:94:2:98:Infinity:undefined:undefined:undefined:undefined":15,"s:94:2:98:Infinity":39,"b:94:6:94:38:94:38:94:76":16,"s:95:4:95:Infinity":40,"s:96:4:96:Infinity":41,"s:97:4:97:Infinity":42,"b:101:2:105:Infinity:undefined:undefined:undefined:undefined":17,"s:101:2:105:Infinity":43,"s:102:4:102:Infinity":44,"s:103:4:103:Infinity":45,"s:104:4:104:Infinity":46,"s:107:2:107:Infinity":47,"s:110:35:127:Infinity":48,"f:110:35:110:36":5,"s:111:20:111:Infinity":49,"s:112:8:112:Infinity":50,"b:112:20:112:35:112:35:112:39":18,"b:114:2:116:Infinity:undefined:undefined:undefined:undefined":19,"s:114:2:116:Infinity":51,"b:114:6:114:41:114:41:114:71":20,"s:115:4:115:Infinity":52,"b:118:2:120:Infinity:undefined:undefined:undefined:undefined":21,"s:118:2:120:Infinity":53,"s:119:4:119:Infinity":54,"b:122:2:124:Infinity:undefined:undefined:undefined:undefined":22,"s:122:2:124:Infinity":55,"b:122:6:122:34:122:34:122:69":23,"s:123:4:123:Infinity":56,"s:126:2:126:Infinity":57,"s:129:34:142:Infinity":58,"f:129:34:129:35":6,"s:130:20:130:Infinity":59,"s:131:8:131:Infinity":60,"b:131:20:131:35:131:35:131:39":24,"b:133:2:135:Infinity:undefined:undefined:undefined:undefined":25,"s:133:2:135:Infinity":61,"s:134:4:134:Infinity":62,"b:137:2:139:Infinity:undefined:undefined:undefined:undefined":26,"s:137:2:139:Infinity":63,"b:137:6:137:34:137:34:137:69":27,"s:138:4:138:Infinity":64,"s:141:2:141:Infinity":65,"f:145:16:145:33":7,"b:145:116:145:121":28,"b:146:2:146:Infinity:undefined:undefined:undefined:undefined":29,"s:146:2:146:Infinity":66,"s:146:37:146:Infinity":67,"s:148:16:152:Infinity":68,"s:154:15:154:Infinity":69,"s:155:17:155:Infinity":70,"s:157:2:159:Infinity":71,"s:158:4:158:Infinity":72,"f:164:23:164:Infinity":8,"b:169:2:171:Infinity:undefined:undefined:undefined:undefined":30,"s:169:2:171:Infinity":73,"s:170:4:170:Infinity":74,"s:173:16:177:Infinity":75,"s:179:15:179:Infinity":76,"s:180:17:180:Infinity":77,"s:182:2:184:Infinity":78,"s:183:4:183:Infinity":79,"f:187:23:187:Infinity":9,"b:191:2:193:Infinity:undefined:undefined:undefined:undefined":31,"s:191:2:193:Infinity":80,"s:192:4:192:Infinity":81,"s:195:16:199:Infinity":82,"s:201:15:201:Infinity":83,"s:202:17:203:Infinity":84,"s:205:2:207:Infinity":85,"s:206:4:206:Infinity":86,"f:210:22:210:38":10,"b:211:2:213:Infinity:undefined:undefined:undefined:undefined":32,"s:211:2:213:Infinity":87,"s:212:4:212:Infinity":88,"s:215:16:219:Infinity":89,"s:221:17:221:Infinity":90,"s:222:2:222:Infinity":91}}}
}
